[2025-12-05T21:00:54.580Z] Video Token Error: videoClient.createToken is not a function
Stack: TypeError: videoClient.createToken is not a function
    at getVideoToken (file:///Users/piyushraj/Desktop/capstone3/backend/src/controllers/streamController.js:63:35)
    at Layer.handleRequest (/Users/piyushraj/Desktop/capstone3/backend/node_modules/router/lib/layer.js:152:17)
    at next (/Users/piyushraj/Desktop/capstone3/backend/node_modules/router/lib/route.js:157:13)
    at protectRoute (file:///Users/piyushraj/Desktop/capstone3/backend/src/middleware/auth.middleware.js:23:9)
    at process.processTicksAndRejections (node:internal/process/task_queues:103:5)

[2025-12-05T21:04:09.664Z] Video Token Error: videoClient.createToken is not a function
Stack: TypeError: videoClient.createToken is not a function
    at getVideoToken (file:///Users/piyushraj/Desktop/capstone3/backend/src/controllers/streamController.js:63:35)
    at Layer.handleRequest (/Users/piyushraj/Desktop/capstone3/backend/node_modules/router/lib/layer.js:152:17)
    at next (/Users/piyushraj/Desktop/capstone3/backend/node_modules/router/lib/route.js:157:13)
    at protectRoute (file:///Users/piyushraj/Desktop/capstone3/backend/src/middleware/auth.middleware.js:23:9)
    at process.processTicksAndRejections (node:internal/process/task_queues:103:5)

[2025-12-05T21:06:02.126Z] Video Token Error: videoClient.createToken is not a function
Stack: TypeError: videoClient.createToken is not a function
    at getVideoToken (file:///Users/piyushraj/Desktop/capstone3/backend/src/controllers/streamController.js:63:35)
    at Layer.handleRequest (/Users/piyushraj/Desktop/capstone3/backend/node_modules/router/lib/layer.js:152:17)
    at next (/Users/piyushraj/Desktop/capstone3/backend/node_modules/router/lib/route.js:157:13)
    at protectRoute (file:///Users/piyushraj/Desktop/capstone3/backend/src/middleware/auth.middleware.js:23:9)
    at process.processTicksAndRejections (node:internal/process/task_queues:103:5)

[2025-12-05T21:06:02.204Z] Video Token Error: videoClient.createToken is not a function
Stack: TypeError: videoClient.createToken is not a function
    at getVideoToken (file:///Users/piyushraj/Desktop/capstone3/backend/src/controllers/streamController.js:63:35)
    at Layer.handleRequest (/Users/piyushraj/Desktop/capstone3/backend/node_modules/router/lib/layer.js:152:17)
    at next (/Users/piyushraj/Desktop/capstone3/backend/node_modules/router/lib/route.js:157:13)
    at protectRoute (file:///Users/piyushraj/Desktop/capstone3/backend/src/middleware/auth.middleware.js:23:9)
    at process.processTicksAndRejections (node:internal/process/task_queues:103:5)

[2025-12-05T21:06:21.239Z] Video Token Error: videoClient.createToken is not a function
Stack: TypeError: videoClient.createToken is not a function
    at getVideoToken (file:///Users/piyushraj/Desktop/capstone3/backend/src/controllers/streamController.js:63:35)
    at Layer.handleRequest (/Users/piyushraj/Desktop/capstone3/backend/node_modules/router/lib/layer.js:152:17)
    at next (/Users/piyushraj/Desktop/capstone3/backend/node_modules/router/lib/route.js:157:13)
    at protectRoute (file:///Users/piyushraj/Desktop/capstone3/backend/src/middleware/auth.middleware.js:23:9)
    at process.processTicksAndRejections (node:internal/process/task_queues:103:5)

[2025-12-05T21:06:21.422Z] Video Token Error: videoClient.createToken is not a function
Stack: TypeError: videoClient.createToken is not a function
    at getVideoToken (file:///Users/piyushraj/Desktop/capstone3/backend/src/controllers/streamController.js:63:35)
    at Layer.handleRequest (/Users/piyushraj/Desktop/capstone3/backend/node_modules/router/lib/layer.js:152:17)
    at next (/Users/piyushraj/Desktop/capstone3/backend/node_modules/router/lib/route.js:157:13)
    at protectRoute (file:///Users/piyushraj/Desktop/capstone3/backend/src/middleware/auth.middleware.js:23:9)
    at process.processTicksAndRejections (node:internal/process/task_queues:103:5)

[2025-12-05T21:08:33.939Z] Video Token Error: videoClient.createToken is not a function
Stack: TypeError: videoClient.createToken is not a function
    at getVideoToken (file:///Users/piyushraj/Desktop/capstone3/backend/src/controllers/streamController.js:63:35)
    at Layer.handleRequest (/Users/piyushraj/Desktop/capstone3/backend/node_modules/router/lib/layer.js:152:17)
    at next (/Users/piyushraj/Desktop/capstone3/backend/node_modules/router/lib/route.js:157:13)
    at protectRoute (file:///Users/piyushraj/Desktop/capstone3/backend/src/middleware/auth.middleware.js:23:9)
    at process.processTicksAndRejections (node:internal/process/task_queues:103:5)

[2025-12-05T21:24:48.287Z] Video Token Error: videoClient.createToken is not a function
Stack: TypeError: videoClient.createToken is not a function
    at getVideoToken (file:///Users/piyushraj/Desktop/capstone3/backend/src/controllers/streamController.js:63:35)
    at Layer.handleRequest (/Users/piyushraj/Desktop/capstone3/backend/node_modules/router/lib/layer.js:152:17)
    at next (/Users/piyushraj/Desktop/capstone3/backend/node_modules/router/lib/route.js:157:13)
    at protectRoute (file:///Users/piyushraj/Desktop/capstone3/backend/src/middleware/auth.middleware.js:23:9)
    at process.processTicksAndRejections (node:internal/process/task_queues:103:5)

[2025-12-05T21:24:48.417Z] Video Token Error: videoClient.createToken is not a function
Stack: TypeError: videoClient.createToken is not a function
    at getVideoToken (file:///Users/piyushraj/Desktop/capstone3/backend/src/controllers/streamController.js:63:35)
    at Layer.handleRequest (/Users/piyushraj/Desktop/capstone3/backend/node_modules/router/lib/layer.js:152:17)
    at next (/Users/piyushraj/Desktop/capstone3/backend/node_modules/router/lib/route.js:157:13)
    at protectRoute (file:///Users/piyushraj/Desktop/capstone3/backend/src/middleware/auth.middleware.js:23:9)
    at process.processTicksAndRejections (node:internal/process/task_queues:103:5)

[2025-12-05T21:26:54.744Z] Video Token Error: videoClient.createToken is not a function
Stack: TypeError: videoClient.createToken is not a function
    at getVideoToken (file:///Users/piyushraj/Desktop/capstone3/backend/src/controllers/streamController.js:63:35)
    at Layer.handleRequest (/Users/piyushraj/Desktop/capstone3/backend/node_modules/router/lib/layer.js:152:17)
    at next (/Users/piyushraj/Desktop/capstone3/backend/node_modules/router/lib/route.js:157:13)
    at protectRoute (file:///Users/piyushraj/Desktop/capstone3/backend/src/middleware/auth.middleware.js:23:9)
    at process.processTicksAndRejections (node:internal/process/task_queues:103:5)

[2025-12-05T21:26:54.801Z] Video Token Error: videoClient.createToken is not a function
Stack: TypeError: videoClient.createToken is not a function
    at getVideoToken (file:///Users/piyushraj/Desktop/capstone3/backend/src/controllers/streamController.js:63:35)
    at Layer.handleRequest (/Users/piyushraj/Desktop/capstone3/backend/node_modules/router/lib/layer.js:152:17)
    at next (/Users/piyushraj/Desktop/capstone3/backend/node_modules/router/lib/route.js:157:13)
    at protectRoute (file:///Users/piyushraj/Desktop/capstone3/backend/src/middleware/auth.middleware.js:23:9)
    at process.processTicksAndRejections (node:internal/process/task_queues:103:5)

[2025-12-05T21:28:42.008Z] Video Token Error: videoClient.createToken is not a function
Stack: TypeError: videoClient.createToken is not a function
    at getVideoToken (file:///Users/piyushraj/Desktop/capstone3/backend/src/controllers/streamController.js:63:35)
    at Layer.handleRequest (/Users/piyushraj/Desktop/capstone3/backend/node_modules/router/lib/layer.js:152:17)
    at next (/Users/piyushraj/Desktop/capstone3/backend/node_modules/router/lib/route.js:157:13)
    at protectRoute (file:///Users/piyushraj/Desktop/capstone3/backend/src/middleware/auth.middleware.js:23:9)
    at process.processTicksAndRejections (node:internal/process/task_queues:103:5)

[2025-12-05T21:28:46.545Z] Video Token Error: videoClient.createToken is not a function
Stack: TypeError: videoClient.createToken is not a function
    at getVideoToken (file:///Users/piyushraj/Desktop/capstone3/backend/src/controllers/streamController.js:63:35)
    at Layer.handleRequest (/Users/piyushraj/Desktop/capstone3/backend/node_modules/router/lib/layer.js:152:17)
    at next (/Users/piyushraj/Desktop/capstone3/backend/node_modules/router/lib/route.js:157:13)
    at protectRoute (file:///Users/piyushraj/Desktop/capstone3/backend/src/middleware/auth.middleware.js:23:9)
    at process.processTicksAndRejections (node:internal/process/task_queues:103:5)

[2025-12-05T21:28:46.591Z] Video Token Error: videoClient.createToken is not a function
Stack: TypeError: videoClient.createToken is not a function
    at getVideoToken (file:///Users/piyushraj/Desktop/capstone3/backend/src/controllers/streamController.js:63:35)
    at Layer.handleRequest (/Users/piyushraj/Desktop/capstone3/backend/node_modules/router/lib/layer.js:152:17)
    at next (/Users/piyushraj/Desktop/capstone3/backend/node_modules/router/lib/route.js:157:13)
    at protectRoute (file:///Users/piyushraj/Desktop/capstone3/backend/src/middleware/auth.middleware.js:23:9)
    at process.processTicksAndRejections (node:internal/process/task_queues:103:5)

[2025-12-05T21:29:19.538Z] Video Token Error: videoClient.createToken is not a function
Stack: TypeError: videoClient.createToken is not a function
    at getVideoToken (file:///Users/piyushraj/Desktop/capstone3/backend/src/controllers/streamController.js:63:35)
    at Layer.handleRequest (/Users/piyushraj/Desktop/capstone3/backend/node_modules/router/lib/layer.js:152:17)
    at next (/Users/piyushraj/Desktop/capstone3/backend/node_modules/router/lib/route.js:157:13)
    at protectRoute (file:///Users/piyushraj/Desktop/capstone3/backend/src/middleware/auth.middleware.js:23:9)
    at process.processTicksAndRejections (node:internal/process/task_queues:103:5)

[2025-12-05T21:29:19.587Z] Video Token Error: videoClient.createToken is not a function
Stack: TypeError: videoClient.createToken is not a function
    at getVideoToken (file:///Users/piyushraj/Desktop/capstone3/backend/src/controllers/streamController.js:63:35)
    at Layer.handleRequest (/Users/piyushraj/Desktop/capstone3/backend/node_modules/router/lib/layer.js:152:17)
    at next (/Users/piyushraj/Desktop/capstone3/backend/node_modules/router/lib/route.js:157:13)
    at protectRoute (file:///Users/piyushraj/Desktop/capstone3/backend/src/middleware/auth.middleware.js:23:9)
    at process.processTicksAndRejections (node:internal/process/task_queues:103:5)

[2025-12-05T21:31:21.681Z] Video Token Error: videoClient.createToken is not a function
Stack: TypeError: videoClient.createToken is not a function
    at getVideoToken (file:///Users/piyushraj/Desktop/capstone3/backend/src/controllers/streamController.js:63:35)
    at Layer.handleRequest (/Users/piyushraj/Desktop/capstone3/backend/node_modules/router/lib/layer.js:152:17)
    at next (/Users/piyushraj/Desktop/capstone3/backend/node_modules/router/lib/route.js:157:13)
    at protectRoute (file:///Users/piyushraj/Desktop/capstone3/backend/src/middleware/auth.middleware.js:23:9)
    at process.processTicksAndRejections (node:internal/process/task_queues:103:5)

[2025-12-05T21:31:22.208Z] Video Token Error: videoClient.createToken is not a function
Stack: TypeError: videoClient.createToken is not a function
    at getVideoToken (file:///Users/piyushraj/Desktop/capstone3/backend/src/controllers/streamController.js:63:35)
    at Layer.handleRequest (/Users/piyushraj/Desktop/capstone3/backend/node_modules/router/lib/layer.js:152:17)
    at next (/Users/piyushraj/Desktop/capstone3/backend/node_modules/router/lib/route.js:157:13)
    at protectRoute (file:///Users/piyushraj/Desktop/capstone3/backend/src/middleware/auth.middleware.js:23:9)
    at process.processTicksAndRejections (node:internal/process/task_queues:103:5)

